  test.cpp
c:\users\skifok\documents\github\prototo_ptr\protoptr\protoptr\protoptr.h(7): error C2061: синтаксическая ошибка: идентификатор "test"
c:\users\skifok\documents\github\prototo_ptr\protoptr\protoptr\protoptr.h(7): error C2535: proto_ptr::proto_ptr(void): функция-член уже определена или объявлена
  c:\users\skifok\documents\github\prototo_ptr\protoptr\protoptr\protoptr.h(6): note:  см. объявление "proto_ptr::proto_ptr"
c:\users\skifok\documents\github\prototo_ptr\protoptr\protoptr\protoptr.h(9): error C2143: синтаксическая ошибка: отсутствие ";" перед "*"
c:\users\skifok\documents\github\prototo_ptr\protoptr\protoptr\protoptr.h(9): error C4430: отсутствует спецификатор типа - предполагается int. Примечание. C++ не поддерживает int по умолчанию
c:\users\skifok\documents\github\prototo_ptr\protoptr\protoptr\protoptr.h(10): error C2143: синтаксическая ошибка: отсутствие ";" перед "*"
c:\users\skifok\documents\github\prototo_ptr\protoptr\protoptr\protoptr.h(10): error C4430: отсутствует спецификатор типа - предполагается int. Примечание. C++ не поддерживает int по умолчанию
c:\users\skifok\documents\github\prototo_ptr\protoptr\protoptr\protoptr.h(10): error C2334: непредвиденные лексемы перед "{"; пропуск вероятного тела функции
c:\users\skifok\documents\github\prototo_ptr\protoptr\protoptr\protoptr.h(11): error C2143: синтаксическая ошибка: отсутствие ";" перед "*"
c:\users\skifok\documents\github\prototo_ptr\protoptr\protoptr\protoptr.h(11): error C4430: отсутствует спецификатор типа - предполагается int. Примечание. C++ не поддерживает int по умолчанию
c:\users\skifok\documents\github\prototo_ptr\protoptr\protoptr\protoptr.h(11): error C2334: непредвиденные лексемы перед "{"; пропуск вероятного тела функции
c:\users\skifok\documents\github\prototo_ptr\protoptr\protoptr\protoptr.h(29): error C2143: синтаксическая ошибка: отсутствие ";" перед "*"
c:\users\skifok\documents\github\prototo_ptr\protoptr\protoptr\protoptr.h(29): error C4430: отсутствует спецификатор типа - предполагается int. Примечание. C++ не поддерживает int по умолчанию
c:\users\skifok\documents\github\prototo_ptr\protoptr\protoptr\protoptr.h(29): error C2238: непредвиденные лексемы перед ";"
c:\users\skifok\documents\github\prototo_ptr\protoptr\protoptr\protoptr.h(6): error C2614: proto_ptr: недопустимая инициализация члена: "ptr" не является базовым классом или членом
c:\users\skifok\documents\github\prototo_ptr\protoptr\protoptr\protoptr.h(7): error C2065: ptr: необъявленный идентификатор
c:\users\skifok\documents\github\prototo_ptr\protoptr\protoptr\protoptr.h(7): error C2614: proto_ptr: недопустимая инициализация члена: "ptr" не является базовым классом или членом
c:\users\skifok\documents\github\prototo_ptr\protoptr\protoptr\protoptr.h(9): error C2065: ptr: необъявленный идентификатор
c:\users\skifok\documents\github\prototo_ptr\protoptr\protoptr\protoptr.h(17): error C2065: ptr: необъявленный идентификатор
c:\users\skifok\documents\github\prototo_ptr\protoptr\protoptr\protoptr.h(20): error C2065: test: необъявленный идентификатор
c:\users\skifok\documents\github\prototo_ptr\protoptr\protoptr\protoptr.h(20): error C2065: temp: необъявленный идентификатор
c:\users\skifok\documents\github\prototo_ptr\protoptr\protoptr\protoptr.h(20): error C2065: ptr: необъявленный идентификатор
c:\users\skifok\documents\github\prototo_ptr\protoptr\protoptr\protoptr.h(21): error C2065: ptr: необъявленный идентификатор
c:\users\skifok\documents\github\prototo_ptr\protoptr\protoptr\protoptr.h(21): error C2039: ptr: не является членом "proto_ptr"
  c:\users\skifok\documents\github\prototo_ptr\protoptr\protoptr\protoptr.h(4): note:  см. объявление "proto_ptr"
c:\users\skifok\documents\github\prototo_ptr\protoptr\protoptr\protoptr.h(22): error C2039: ptr: не является членом "proto_ptr"
  c:\users\skifok\documents\github\prototo_ptr\protoptr\protoptr\protoptr.h(4): note:  см. объявление "proto_ptr"
c:\users\skifok\documents\github\prototo_ptr\protoptr\protoptr\protoptr.h(22): error C2065: temp: необъявленный идентификатор
c:\users\skifok\documents\github\prototo_ptr\protoptr\protoptr\protoptr.h(25): error C2065: ptr: необъявленный идентификатор
c:\users\skifok\documents\github\prototo_ptr\protoptr\protoptr\protoptr.h(25): error C2541: delete: нельзя удалять объекты, не являющиеся указателями
c:\users\skifok\documents\github\prototo_ptr\protoptr\protoptr\test.cpp(7): error C2664: "proto_ptr::proto_ptr(const proto_ptr &)": невозможно преобразовать аргумент 1 из "test *" в "const proto_ptr &"
  c:\users\skifok\documents\github\prototo_ptr\protoptr\protoptr\test.cpp(7): note: Причина: невозможно преобразовать "test *" в "const proto_ptr"
  c:\users\skifok\documents\github\prototo_ptr\protoptr\protoptr\test.cpp(7): note: Ни один конструктор не смог принять исходный тип, либо разрешение перегрузки конструктора неоднозначно
